# JRE version: OpenJDK Runtime Environment Temurin-17.0.19+10 (17.0.19+10) (build 17.0.19+10)
# Java VM: OpenJDK 64-Bit Server VM Temurin-17.0.19+10 (17.0.19+10, mixed mode, sharing, tiered, compressed oops, compressed class ptrs, g1 gc, windows-amd64)
GC Precious Log:
 CPUs: 12 total, 12 available
 Memory: 14020M
 Large Page Support: Disabled
 NUMA Support: Disabled
 Compressed Oops: Enabled (Zero based)
 Heap Region Size: 2M
 Heap Min Capacity: 8M
 Heap Initial Capacity: 220M
 Heap Max Capacity: 3506M
 Pre-touch: Disabled
 Parallel Workers: 10
 Concurrent Workers: 3
 Concurrent Refinement Workers: 10
 Periodic GC: Disabled
Heap:
 garbage-first heap   total 176128K, used 94666K [0x0000000724e00000, 0x0000000800000000)
  region size 2048K, 21 young (43008K), 5 survivors (10240K)
 Metaspace       used 102315K, committed 103168K, reserved 1179648K
  class space    used 14215K, committed 14592K, reserved 1048576K
GC Heap History (20 events):
Event: 9.190 GC heap before
{Heap before GC invocations=20 (full 0):
 garbage-first heap   total 73728K, used 55786K [0x0000000724e00000, 0x0000000800000000)
  region size 2048K, 11 young (22528K), 2 survivors (4096K)
 Metaspace       used 82132K, committed 82688K, reserved 1179648K
  class space    used 11417K, committed 11648K, reserved 1048576K
}
Event: 9.194 GC heap after
{Heap after GC invocations=21 (full 0):
 garbage-first heap   total 73728K, used 41910K [0x0000000724e00000, 0x0000000800000000)
  region size 2048K, 2 young (4096K), 2 survivors (4096K)
 Metaspace       used 82132K, committed 82688K, reserved 1179648K
  class space    used 11417K, committed 11648K, reserved 1048576K
}
Event: 9.213 GC heap before
{Heap before GC invocations=21 (full 0):
 garbage-first heap   total 73728K, used 54198K [0x0000000724e00000, 0x0000000800000000)
  region size 2048K, 8 young (16384K), 2 survivors (4096K)
 Metaspace       used 82132K, committed 82688K, reserved 1179648K
  class space    used 11417K, committed 11648K, reserved 1048576K
}
Event: 9.217 GC heap after
{Heap after GC invocations=22 (full 0):
 garbage-first heap   total 90112K, used 47060K [0x0000000724e00000, 0x0000000800000000)
  region size 2048K, 1 young (2048K), 1 survivors (2048K)
 Metaspace       used 82132K, committed 82688K, reserved 1179648K
  class space    used 11417K, committed 11648K, reserved 1048576K
}
Event: 9.250 GC heap before
{Heap before GC invocations=22 (full 0):
 garbage-first heap   total 102400K, used 63444K [0x0000000724e00000, 0x0000000800000000)
  region size 2048K, 9 young (18432K), 1 survivors (2048K)
 Metaspace       used 82132K, committed 82688K, reserved 1179648K
  class space    used 11417K, committed 11648K, reserved 1048576K
}
Event: 9.253 GC heap after
{Heap after GC invocations=23 (full 0):
 garbage-first heap   total 102400K, used 48820K [0x0000000724e00000, 0x0000000800000000)
  region size 2048K, 2 young (4096K), 2 survivors (4096K)
 Metaspace       used 82132K, committed 82688K, reserved 1179648K
  class space    used 11417K, committed 11648K, reserved 1048576K
}
Event: 9.292 GC heap before
{Heap before GC invocations=24 (full 0):
 garbage-first heap   total 102400K, used 73396K [0x0000000724e00000, 0x0000000800000000)
  region size 2048K, 14 young (28672K), 2 survivors (4096K)
 Metaspace       used 82139K, committed 82752K, reserved 1179648K
  class space    used 11424K, committed 11712K, reserved 1048576K
}
Event: 9.294 GC heap after
{Heap after GC invocations=25 (full 0):
 garbage-first heap   total 102400K, used 49587K [0x0000000724e00000, 0x0000000800000000)
  region size 2048K, 2 young (4096K), 2 survivors (4096K)
 Metaspace       used 82139K, committed 82752K, reserved 1179648K
  class space    used 11424K, committed 11712K, reserved 1048576K
}
Event: 9.323 GC heap before
{Heap before GC invocations=25 (full 0):
 garbage-first heap   total 102400K, used 74163K [0x0000000724e00000, 0x0000000800000000)
  region size 2048K, 14 young (28672K), 2 survivors (4096K)
 Metaspace       used 82141K, committed 82752K, reserved 1179648K
  class space    used 11424K, committed 11712K, reserved 1048576K
}
Event: 9.325 GC heap after
{Heap after GC invocations=26 (full 0):
 garbage-first heap   total 102400K, used 50681K [0x0000000724e00000, 0x0000000800000000)
  region size 2048K, 1 young (2048K), 1 survivors (2048K)
 Metaspace       used 82141K, committed 82752K, reserved 1179648K
  class space    used 11424K, committed 11712K, reserved 1048576K
}
Event: 9.432 GC heap before
{Heap before GC invocations=27 (full 0):
 garbage-first heap   total 102400K, used 77305K [0x0000000724e00000, 0x0000000800000000)
  region size 2048K, 14 young (28672K), 1 survivors (2048K)
 Metaspace       used 82327K, committed 82944K, reserved 1179648K
  class space    used 11491K, committed 11776K, reserved 1048576K
}
Event: 9.434 GC heap after
{Heap after GC invocations=28 (full 0):
 garbage-first heap   total 176128K, used 51210K [0x0000000724e00000, 0x0000000800000000)
  region size 2048K, 2 young (4096K), 2 survivors (4096K)
 Metaspace       used 82327K, committed 82944K, reserved 1179648K
  class space    used 11491K, committed 11776K, reserved 1048576K
}
Event: 9.449 GC heap before
{Heap before GC invocations=28 (full 0):
 garbage-first heap   total 176128K, used 55306K [0x0000000724e00000, 0x0000000800000000)
  region size 2048K, 4 young (8192K), 2 survivors (4096K)
 Metaspace       used 82327K, committed 82944K, reserved 1179648K
  class space    used 11491K, committed 11776K, reserved 1048576K
}
Event: 9.453 GC heap after
{Heap after GC invocations=29 (full 0):
 garbage-first heap   total 176128K, used 50986K [0x0000000724e00000, 0x0000000800000000)
  region size 2048K, 1 young (2048K), 1 survivors (2048K)
 Metaspace       used 82327K, committed 82944K, reserved 1179648K
  class space    used 11491K, committed 11776K, reserved 1048576K
}
Event: 9.878 GC heap before
{Heap before GC invocations=29 (full 0):
 garbage-first heap   total 176128K, used 126762K [0x0000000724e00000, 0x0000000800000000)
  region size 2048K, 38 young (77824K), 1 survivors (2048K)
 Metaspace       used 83496K, committed 84096K, reserved 1179648K
  class space    used 11655K, committed 11904K, reserved 1048576K
}
Event: 9.881 GC heap after
{Heap after GC invocations=30 (full 0):
 garbage-first heap   total 176128K, used 55603K [0x0000000724e00000, 0x0000000800000000)
  region size 2048K, 4 young (8192K), 4 survivors (8192K)
 Metaspace       used 83496K, committed 84096K, reserved 1179648K
  class space    used 11655K, committed 11904K, reserved 1048576K
}
Event: 11.313 GC heap before
{Heap before GC invocations=30 (full 0):
 garbage-first heap   total 176128K, used 127283K [0x0000000724e00000, 0x0000000800000000)
  region size 2048K, 39 young (79872K), 4 survivors (8192K)
 Metaspace       used 91924K, committed 92480K, reserved 1179648K
  class space    used 12795K, committed 13056K, reserved 1048576K
}
Event: 11.318 GC heap after
{Heap after GC invocations=31 (full 0):
 garbage-first heap   total 176128K, used 59948K [0x0000000724e00000, 0x0000000800000000)
  region size 2048K, 5 young (10240K), 5 survivors (10240K)
 Metaspace       used 91924K, committed 92480K, reserved 1179648K
  class space    used 12795K, committed 13056K, reserved 1048576K
}
Event: 58.035 GC heap before
{Heap before GC invocations=31 (full 0):
 garbage-first heap   total 176128K, used 131628K [0x0000000724e00000, 0x0000000800000000)
  region size 2048K, 40 young (81920K), 5 survivors (10240K)
 Metaspace       used 99344K, committed 100160K, reserved 1179648K
  class space    used 13756K, committed 14144K, reserved 1048576K
}
Event: 58.042 GC heap after
{Heap after GC invocations=32 (full 0):
 garbage-first heap   total 176128K, used 63946K [0x0000000724e00000, 0x0000000800000000)
  region size 2048K, 5 young (10240K), 5 survivors (10240K)
 Metaspace       used 99344K, committed 100160K, reserved 1179648K
  class space    used 13756K, committed 14144K, reserved 1048576K
}

